<?xml version="1.0" encoding="UTF-8"?>
<testsuite name="Registration Page Test"
           tests="3"
           failures="0"
           errors="0"
           skipped="0"
           time="4.612">
  <properties />
  
  
            <testcase name="verifyThatFirstNameLastNameEmailPasswordAndConfirmPasswordFieldsAreMandatory" time="1.188" classname="com.nopcommerce.demo.testsuite.RegisterPageTest" />
                <testcase name="verifyThatUserShouldCreateAccountSuccessfully" time="2.643" classname="com.nopcommerce.demo.testsuite.RegisterPageTest" />
                <testcase name="verifyUserShouldNavigateToRegisterPageSuccessfully" time="0.781" classname="com.nopcommerce.demo.testsuite.RegisterPageTest" />
      
</testsuite>
